This file contains any messages produced by compilers while
running configure, to aid debugging if configure makes a mistake.

It was created by Cantera configure 1.7.0, which was
generated by GNU Autoconf 2.59.  Invocation command line was

  $ ./configure 

## --------- ##
## Platform. ##
## --------- ##

hostname = b990ac463ffc
uname -m = x86_64
uname -r = 5.4.0-48-generic
uname -s = Linux
uname -v = #52-Ubuntu SMP Thu Sep 10 10:58:49 UTC 2020

/usr/bin/uname -p = unknown
/bin/uname -X     = unknown

/bin/arch              = unknown
/usr/bin/arch -k       = unknown
/usr/convex/getsysinfo = unknown
hostinfo               = unknown
/bin/machine           = unknown
/usr/bin/oslevel       = unknown
/bin/universe          = unknown

PATH: /pkg/
PATH: /usr/local/sbin
PATH: /usr/local/bin
PATH: /usr/sbin
PATH: /usr/bin
PATH: /sbin
PATH: /bin


## ----------- ##
## Core tests. ##
## ----------- ##

configure:1566: checking build system type
configure:1584: result: x86_64-unknown-linux-gnu
configure:1592: checking host system type
configure:1606: result: x86_64-unknown-linux-gnu
configure:1614: checking target system type
configure:1628: result: x86_64-unknown-linux-gnu
configure:1872: checking for C++ compiler version
configure:1875: g++ --version </dev/null >&5
g++ (Ubuntu 5.4.0-6ubuntu1~16.04.12) 5.4.0 20160609
Copyright (C) 2015 Free Software Foundation, Inc.
This is free software; see the source for copying conditions.  There is NO
warranty; not even for MERCHANTABILITY or FITNESS FOR A PARTICULAR PURPOSE.

configure:1878: $? = 0
configure:1880: g++ -v </dev/null >&5
Using built-in specs.
COLLECT_GCC=g++
COLLECT_LTO_WRAPPER=/usr/lib/gcc/i686-linux-gnu/5/lto-wrapper
Target: i686-linux-gnu
Configured with: ../src/configure -v --with-pkgversion='Ubuntu 5.4.0-6ubuntu1~16.04.12' --with-bugurl=file:///usr/share/doc/gcc-5/README.Bugs --enable-languages=c,ada,c++,java,go,d,fortran,objc,obj-c++ --prefix=/usr --program-suffix=-5 --enable-shared --enable-linker-build-id --libexecdir=/usr/lib --without-included-gettext --enable-threads=posix --libdir=/usr/lib --enable-nls --with-sysroot=/ --enable-clocale=gnu --enable-libstdcxx-debug --enable-libstdcxx-time=yes --with-default-libstdcxx-abi=new --enable-gnu-unique-object --disable-vtable-verify --enable-libmpx --enable-plugin --with-system-zlib --disable-browser-plugin --enable-java-awt=gtk --enable-gtk-cairo --with-java-home=/usr/lib/jvm/java-1.5.0-gcj-5-i386/jre --enable-java-home --with-jvm-root-dir=/usr/lib/jvm/java-1.5.0-gcj-5-i386 --with-jvm-jar-dir=/usr/lib/jvm-exports/java-1.5.0-gcj-5-i386 --with-arch-directory=i386 --with-ecj-jar=/usr/share/java/eclipse-ecj.jar --enable-objc-gc --enable-targets=all --enable-multiarch --disable-werror --with-arch-32=i686 --with-multilib-list=m32,m64,mx32 --enable-multilib --with-tune=generic --enable-checking=release --build=i686-linux-gnu --host=i686-linux-gnu --target=i686-linux-gnu
Thread model: posix
gcc version 5.4.0 20160609 (Ubuntu 5.4.0-6ubuntu1~16.04.12) 
configure:1883: $? = 0
configure:1885: g++ -V </dev/null >&5
g++: error: unrecognized command line option '-V'
g++: fatal error: no input files
compilation terminated.
configure:1888: $? = 1
configure:1911: checking for C++ compiler default output file name
configure:1914: g++ -O3 -Wall   conftest.cc  >&5
configure:1917: $? = 0
configure:1963: result: a.out
configure:1968: checking whether the C++ compiler works
configure:1974: ./a.out
configure:1977: $? = 0
configure:1994: result: yes
configure:2001: checking whether we are cross compiling
configure:2003: result: no
configure:2006: checking for suffix of executables
configure:2008: g++ -o conftest -O3 -Wall   conftest.cc  >&5
configure:2011: $? = 0
configure:2036: result: 
configure:2042: checking for suffix of object files
configure:2063: g++ -c -O3 -Wall  conftest.cc >&5
configure:2066: $? = 0
configure:2088: result: o
configure:2092: checking whether we are using the GNU C++ compiler
configure:2116: g++ -c -O3 -Wall  conftest.cc >&5
configure:2122: $? = 0
configure:2126: test -z 
			 || test ! -s conftest.err
configure:2129: $? = 0
configure:2132: test -s conftest.o
configure:2135: $? = 0
configure:2148: result: yes
configure:2154: checking whether g++ accepts -g
configure:2175: g++ -c -g  conftest.cc >&5
configure:2181: $? = 0
configure:2185: test -z 
			 || test ! -s conftest.err
configure:2188: $? = 0
configure:2191: test -s conftest.o
configure:2194: $? = 0
configure:2205: result: yes
configure:2247: g++ -c -O3 -Wall  conftest.cc >&5
configure:2253: $? = 0
configure:2257: test -z 
			 || test ! -s conftest.err
configure:2260: $? = 0
configure:2263: test -s conftest.o
configure:2266: $? = 0
configure:2292: g++ -c -O3 -Wall  conftest.cc >&5
conftest.cc: In function 'int main()':
conftest.cc:17:9: error: 'exit' was not declared in this scope
 exit (42);
         ^
configure:2298: $? = 1
configure: failed program was:
| /* confdefs.h.  */
| 
| #define PACKAGE_NAME "Cantera"
| #define PACKAGE_TARNAME "cantera"
| #define PACKAGE_VERSION "1.7.0"
| #define PACKAGE_STRING "Cantera 1.7.0"
| #define PACKAGE_BUGREPORT ""
| #define NDEBUG 1
| #define CANTERA_VERSION "1.8.0"
| #define RXNPATH_FONT "Helvetica"
| #define CANTERA_DATA "/usr/local/cantera/data"
| /* end confdefs.h.  */
| 
| int
| main ()
| {
| exit (42);
|   ;
|   return 0;
| }
configure:2247: g++ -c -O3 -Wall  conftest.cc >&5
conftest.cc:13:40: error: 'void std::exit(int)' should have been declared inside 'std'
 extern "C" void std::exit (int) throw (); using std::exit;
                                        ^
configure:2253: $? = 1
configure: failed program was:
| /* confdefs.h.  */
| 
| #define PACKAGE_NAME "Cantera"
| #define PACKAGE_TARNAME "cantera"
| #define PACKAGE_VERSION "1.7.0"
| #define PACKAGE_STRING "Cantera 1.7.0"
| #define PACKAGE_BUGREPORT ""
| #define NDEBUG 1
| #define CANTERA_VERSION "1.8.0"
| #define RXNPATH_FONT "Helvetica"
| #define CANTERA_DATA "/usr/local/cantera/data"
| /* end confdefs.h.  */
| extern "C" void std::exit (int) throw (); using std::exit;
| #include <stdlib.h>
| int
| main ()
| {
| exit (42);
|   ;
|   return 0;
| }
configure:2247: g++ -c -O3 -Wall  conftest.cc >&5
conftest.cc:13:31: error: 'void std::exit(int)' should have been declared inside 'std'
 extern "C" void std::exit (int); using std::exit;
                               ^
In file included from conftest.cc:14:0:
/usr/include/stdlib.h:543:70: error: declaration of 'void std::exit(int) throw ()' has a different exception specifier
 extern void exit (int __status) __THROW __attribute__ ((__noreturn__));
                                                                      ^
conftest.cc:13:17: error: from previous declaration 'void std::exit(int)'
 extern "C" void std::exit (int); using std::exit;
                 ^
configure:2253: $? = 1
configure: failed program was:
| /* confdefs.h.  */
| 
| #define PACKAGE_NAME "Cantera"
| #define PACKAGE_TARNAME "cantera"
| #define PACKAGE_VERSION "1.7.0"
| #define PACKAGE_STRING "Cantera 1.7.0"
| #define PACKAGE_BUGREPORT ""
| #define NDEBUG 1
| #define CANTERA_VERSION "1.8.0"
| #define RXNPATH_FONT "Helvetica"
| #define CANTERA_DATA "/usr/local/cantera/data"
| /* end confdefs.h.  */
| extern "C" void std::exit (int); using std::exit;
| #include <stdlib.h>
| int
| main ()
| {
| exit (42);
|   ;
|   return 0;
| }
configure:2247: g++ -c -O3 -Wall  conftest.cc >&5
configure:2253: $? = 0
configure:2257: test -z 
			 || test ! -s conftest.err
configure:2260: $? = 0
configure:2263: test -s conftest.o
configure:2266: $? = 0
configure:2292: g++ -c -O3 -Wall  conftest.cc >&5
configure:2298: $? = 0
configure:2302: test -z 
			 || test ! -s conftest.err
configure:2305: $? = 0
configure:2308: test -s conftest.o
configure:2311: $? = 0
configure:2335: checking for CVodeCreate in -lsundials_cvodes
configure:2366: g++ -o conftest -O3 -Wall   conftest.cc -lsundials_cvodes -lsundials_cvodes -lsundials_nvecserial -lm  >&5
configure:2372: $? = 0
configure:2376: test -z 
			 || test ! -s conftest.err
configure:2379: $? = 0
configure:2382: test -s conftest
configure:2385: $? = 0
configure:2398: result: yes
configure:3574: checking for a BSD-compatible install
configure:3629: result: /usr/bin/install -c
configure:4878: checking for C++ compiler version
configure:4881: g++ --version </dev/null >&5
g++ (Ubuntu 5.4.0-6ubuntu1~16.04.12) 5.4.0 20160609
Copyright (C) 2015 Free Software Foundation, Inc.
This is free software; see the source for copying conditions.  There is NO
warranty; not even for MERCHANTABILITY or FITNESS FOR A PARTICULAR PURPOSE.

configure:4884: $? = 0
configure:4886: g++ -v </dev/null >&5
Using built-in specs.
COLLECT_GCC=g++
COLLECT_LTO_WRAPPER=/usr/lib/gcc/i686-linux-gnu/5/lto-wrapper
Target: i686-linux-gnu
Configured with: ../src/configure -v --with-pkgversion='Ubuntu 5.4.0-6ubuntu1~16.04.12' --with-bugurl=file:///usr/share/doc/gcc-5/README.Bugs --enable-languages=c,ada,c++,java,go,d,fortran,objc,obj-c++ --prefix=/usr --program-suffix=-5 --enable-shared --enable-linker-build-id --libexecdir=/usr/lib --without-included-gettext --enable-threads=posix --libdir=/usr/lib --enable-nls --with-sysroot=/ --enable-clocale=gnu --enable-libstdcxx-debug --enable-libstdcxx-time=yes --with-default-libstdcxx-abi=new --enable-gnu-unique-object --disable-vtable-verify --enable-libmpx --enable-plugin --with-system-zlib --disable-browser-plugin --enable-java-awt=gtk --enable-gtk-cairo --with-java-home=/usr/lib/jvm/java-1.5.0-gcj-5-i386/jre --enable-java-home --with-jvm-root-dir=/usr/lib/jvm/java-1.5.0-gcj-5-i386 --with-jvm-jar-dir=/usr/lib/jvm-exports/java-1.5.0-gcj-5-i386 --with-arch-directory=i386 --with-ecj-jar=/usr/share/java/eclipse-ecj.jar --enable-objc-gc --enable-targets=all --enable-multiarch --disable-werror --with-arch-32=i686 --with-multilib-list=m32,m64,mx32 --enable-multilib --with-tune=generic --enable-checking=release --build=i686-linux-gnu --host=i686-linux-gnu --target=i686-linux-gnu
Thread model: posix
gcc version 5.4.0 20160609 (Ubuntu 5.4.0-6ubuntu1~16.04.12) 
configure:4889: $? = 0
configure:4891: g++ -V </dev/null >&5
g++: error: unrecognized command line option '-V'
g++: fatal error: no input files
compilation terminated.
configure:4894: $? = 1
configure:4897: checking whether we are using the GNU C++ compiler
configure:4953: result: yes
configure:4959: checking whether g++ accepts -g
configure:5010: result: yes
configure:5052: g++ -c -O3 -Wall    conftest.cc >&5
configure:5058: $? = 0
configure:5062: test -z 
			 || test ! -s conftest.err
configure:5065: $? = 0
configure:5068: test -s conftest.o
configure:5071: $? = 0
configure:5097: g++ -c -O3 -Wall    conftest.cc >&5
configure:5103: $? = 0
configure:5107: test -z 
			 || test ! -s conftest.err
configure:5110: $? = 0
configure:5113: test -s conftest.o
configure:5116: $? = 0
configure:5185: checking for gcc
configure:5211: result: gcc
configure:5455: checking for C compiler version
configure:5458: gcc --version </dev/null >&5
gcc (Ubuntu 5.4.0-6ubuntu1~16.04.12) 5.4.0 20160609
Copyright (C) 2015 Free Software Foundation, Inc.
This is free software; see the source for copying conditions.  There is NO
warranty; not even for MERCHANTABILITY or FITNESS FOR A PARTICULAR PURPOSE.

configure:5461: $? = 0
configure:5463: gcc -v </dev/null >&5
Using built-in specs.
COLLECT_GCC=gcc
COLLECT_LTO_WRAPPER=/usr/lib/gcc/i686-linux-gnu/5/lto-wrapper
Target: i686-linux-gnu
Configured with: ../src/configure -v --with-pkgversion='Ubuntu 5.4.0-6ubuntu1~16.04.12' --with-bugurl=file:///usr/share/doc/gcc-5/README.Bugs --enable-languages=c,ada,c++,java,go,d,fortran,objc,obj-c++ --prefix=/usr --program-suffix=-5 --enable-shared --enable-linker-build-id --libexecdir=/usr/lib --without-included-gettext --enable-threads=posix --libdir=/usr/lib --enable-nls --with-sysroot=/ --enable-clocale=gnu --enable-libstdcxx-debug --enable-libstdcxx-time=yes --with-default-libstdcxx-abi=new --enable-gnu-unique-object --disable-vtable-verify --enable-libmpx --enable-plugin --with-system-zlib --disable-browser-plugin --enable-java-awt=gtk --enable-gtk-cairo --with-java-home=/usr/lib/jvm/java-1.5.0-gcj-5-i386/jre --enable-java-home --with-jvm-root-dir=/usr/lib/jvm/java-1.5.0-gcj-5-i386 --with-jvm-jar-dir=/usr/lib/jvm-exports/java-1.5.0-gcj-5-i386 --with-arch-directory=i386 --with-ecj-jar=/usr/share/java/eclipse-ecj.jar --enable-objc-gc --enable-targets=all --enable-multiarch --disable-werror --with-arch-32=i686 --with-multilib-list=m32,m64,mx32 --enable-multilib --with-tune=generic --enable-checking=release --build=i686-linux-gnu --host=i686-linux-gnu --target=i686-linux-gnu
Thread model: posix
gcc version 5.4.0 20160609 (Ubuntu 5.4.0-6ubuntu1~16.04.12) 
configure:5466: $? = 0
configure:5468: gcc -V </dev/null >&5
gcc: error: unrecognized command line option '-V'
gcc: fatal error: no input files
compilation terminated.
configure:5471: $? = 1
configure:5474: checking whether we are using the GNU C compiler
configure:5498: gcc -c    conftest.c >&5
configure:5504: $? = 0
configure:5508: test -z 
			 || test ! -s conftest.err
configure:5511: $? = 0
configure:5514: test -s conftest.o
configure:5517: $? = 0
configure:5530: result: yes
configure:5536: checking whether gcc accepts -g
configure:5557: gcc -c -g  conftest.c >&5
configure:5563: $? = 0
configure:5567: test -z 
			 || test ! -s conftest.err
configure:5570: $? = 0
configure:5573: test -s conftest.o
configure:5576: $? = 0
configure:5587: result: yes
configure:5604: checking for gcc option to accept ANSI C
configure:5674: gcc  -c    conftest.c >&5
configure:5680: $? = 0
configure:5684: test -z 
			 || test ! -s conftest.err
configure:5687: $? = 0
configure:5690: test -s conftest.o
configure:5693: $? = 0
configure:5711: result: none needed
configure:5729: gcc -c    conftest.c >&5
conftest.c:2:3: error: unknown type name 'choke'
   choke me
   ^
conftest.c:2:3: error: expected '=', ',', ';', 'asm' or '__attribute__' at end of input
configure:5735: $? = 1
configure: failed program was:
| #ifndef __cplusplus
|   choke me
| #endif
configure:5870: checking for ability to precompile headers
configure:5883: result: no
configure:5894: checking how to run the C++ preprocessor
configure:5925: g++ -E  conftest.cc
configure:5931: $? = 0
configure:5963: g++ -E  conftest.cc
conftest.cc:35:28: fatal error: ac_nonexistent.h: No such file or directory
compilation terminated.
configure:5969: $? = 1
configure: failed program was:
| /* confdefs.h.  */
| 
| #define PACKAGE_NAME "Cantera"
| #define PACKAGE_TARNAME "cantera"
| #define PACKAGE_VERSION "1.7.0"
| #define PACKAGE_STRING "Cantera 1.7.0"
| #define PACKAGE_BUGREPORT ""
| #define NDEBUG 1
| #define CANTERA_VERSION "1.8.0"
| #define RXNPATH_FONT "Helvetica"
| #define CANTERA_DATA "/usr/local/cantera/data"
| #ifdef __cplusplus
| extern "C" void exit (int) throw ();
| #endif
| #define HAS_SUNDIALS 1
| #define SUNDIALS_VERSION_23 1
| #define DEBUG_MODE 1
| #define WITH_METAL 1
| #define WITH_SEMICONDUCTOR 1
| #define WITH_ADSORBATE 1
| #define WITH_STOICH_SUBSTANCE 1
| #define WITH_PURE_FLUIDS 1
| #define WITH_LATTICE_SOLID 1
| #define WITH_IDEAL_SOLUTIONS 1
| #define WITH_ELECTROLYTES 1
| #define WITH_KINETICS 1
| #define WITH_HETEROKINETICS 1
| #define WITH_REACTIONPATHS 1
| #define INCL_PURE_FLUIDS 1
| #define WITH_SPECTRA 1
| #define WITH_HTML_LOGS 1
| #define PYTHON_EXE "/usr/bin/python2.6"
| #define HAS_NUMPY 1
| /* end confdefs.h.  */
| #include <ac_nonexistent.h>
configure:6008: result: g++ -E
configure:6032: g++ -E  conftest.cc
configure:6038: $? = 0
configure:6070: g++ -E  conftest.cc
conftest.cc:35:28: fatal error: ac_nonexistent.h: No such file or directory
compilation terminated.
configure:6076: $? = 1
configure: failed program was:
| /* confdefs.h.  */
| 
| #define PACKAGE_NAME "Cantera"
| #define PACKAGE_TARNAME "cantera"
| #define PACKAGE_VERSION "1.7.0"
| #define PACKAGE_STRING "Cantera 1.7.0"
| #define PACKAGE_BUGREPORT ""
| #define NDEBUG 1
| #define CANTERA_VERSION "1.8.0"
| #define RXNPATH_FONT "Helvetica"
| #define CANTERA_DATA "/usr/local/cantera/data"
| #ifdef __cplusplus
| extern "C" void exit (int) throw ();
| #endif
| #define HAS_SUNDIALS 1
| #define SUNDIALS_VERSION_23 1
| #define DEBUG_MODE 1
| #define WITH_METAL 1
| #define WITH_SEMICONDUCTOR 1
| #define WITH_ADSORBATE 1
| #define WITH_STOICH_SUBSTANCE 1
| #define WITH_PURE_FLUIDS 1
| #define WITH_LATTICE_SOLID 1
| #define WITH_IDEAL_SOLUTIONS 1
| #define WITH_ELECTROLYTES 1
| #define WITH_KINETICS 1
| #define WITH_HETEROKINETICS 1
| #define WITH_REACTIONPATHS 1
| #define INCL_PURE_FLUIDS 1
| #define WITH_SPECTRA 1
| #define WITH_HTML_LOGS 1
| #define PYTHON_EXE "/usr/bin/python2.6"
| #define HAS_NUMPY 1
| /* end confdefs.h.  */
| #include <ac_nonexistent.h>
configure:6120: checking for egrep
configure:6130: result: grep -E
configure:6135: checking for ANSI C header files
configure:6160: g++ -c -O3 -Wall    conftest.cc >&5
configure:6166: $? = 0
configure:6170: test -z 
			 || test ! -s conftest.err
configure:6173: $? = 0
configure:6176: test -s conftest.o
configure:6179: $? = 0
configure:6268: g++ -o conftest -O3 -Wall     conftest.cc  >&5
configure:6271: $? = 0
configure:6273: ./conftest
configure:6276: $? = 0
configure:6291: result: yes
configure:6315: checking for sys/types.h
configure:6331: g++ -c -O3 -Wall    conftest.cc >&5
configure:6337: $? = 0
configure:6341: test -z 
			 || test ! -s conftest.err
configure:6344: $? = 0
configure:6347: test -s conftest.o
configure:6350: $? = 0
configure:6361: result: yes
configure:6315: checking for sys/stat.h
configure:6331: g++ -c -O3 -Wall    conftest.cc >&5
configure:6337: $? = 0
configure:6341: test -z 
			 || test ! -s conftest.err
configure:6344: $? = 0
configure:6347: test -s conftest.o
configure:6350: $? = 0
configure:6361: result: yes
configure:6315: checking for stdlib.h
configure:6331: g++ -c -O3 -Wall    conftest.cc >&5
configure:6337: $? = 0
configure:6341: test -z 
			 || test ! -s conftest.err
configure:6344: $? = 0
configure:6347: test -s conftest.o
configure:6350: $? = 0
configure:6361: result: yes
configure:6315: checking for string.h
configure:6331: g++ -c -O3 -Wall    conftest.cc >&5
configure:6337: $? = 0
configure:6341: test -z 
			 || test ! -s conftest.err
configure:6344: $? = 0
configure:6347: test -s conftest.o
configure:6350: $? = 0
configure:6361: result: yes
configure:6315: checking for memory.h
configure:6331: g++ -c -O3 -Wall    conftest.cc >&5
configure:6337: $? = 0
configure:6341: test -z 
			 || test ! -s conftest.err
configure:6344: $? = 0
configure:6347: test -s conftest.o
configure:6350: $? = 0
configure:6361: result: yes
configure:6315: checking for strings.h
configure:6331: g++ -c -O3 -Wall    conftest.cc >&5
configure:6337: $? = 0
configure:6341: test -z 
			 || test ! -s conftest.err
configure:6344: $? = 0
configure:6347: test -s conftest.o
configure:6350: $? = 0
configure:6361: result: yes
configure:6315: checking for inttypes.h
configure:6331: g++ -c -O3 -Wall    conftest.cc >&5
configure:6337: $? = 0
configure:6341: test -z 
			 || test ! -s conftest.err
configure:6344: $? = 0
configure:6347: test -s conftest.o
configure:6350: $? = 0
configure:6361: result: yes
configure:6315: checking for stdint.h
configure:6331: g++ -c -O3 -Wall    conftest.cc >&5
configure:6337: $? = 0
configure:6341: test -z 
			 || test ! -s conftest.err
configure:6344: $? = 0
configure:6347: test -s conftest.o
configure:6350: $? = 0
configure:6361: result: yes
configure:6315: checking for unistd.h
configure:6331: g++ -c -O3 -Wall    conftest.cc >&5
configure:6337: $? = 0
configure:6341: test -z 
			 || test ! -s conftest.err
configure:6344: $? = 0
configure:6347: test -s conftest.o
configure:6350: $? = 0
configure:6361: result: yes
configure:6373: checking for int
configure:6397: g++ -c -O3 -Wall    conftest.cc >&5
configure:6403: $? = 0
configure:6407: test -z 
			 || test ! -s conftest.err
configure:6410: $? = 0
configure:6413: test -s conftest.o
configure:6416: $? = 0
configure:6427: result: yes
configure:6430: checking size of int
configure:6749: g++ -o conftest -O3 -Wall     conftest.cc  >&5
configure:6752: $? = 0
configure:6754: ./conftest
configure:6757: $? = 0
configure:6780: result: 4
configure:6787: checking for long
configure:6811: g++ -c -O3 -Wall    conftest.cc >&5
configure:6817: $? = 0
configure:6821: test -z 
			 || test ! -s conftest.err
configure:6824: $? = 0
configure:6827: test -s conftest.o
configure:6830: $? = 0
configure:6841: result: yes
configure:6844: checking size of long
configure:7163: g++ -o conftest -O3 -Wall     conftest.cc  >&5
configure:7166: $? = 0
configure:7168: ./conftest
configure:7171: $? = 0
configure:7194: result: 4
configure:7201: checking for void *
configure:7225: g++ -c -O3 -Wall    conftest.cc >&5
configure:7231: $? = 0
configure:7235: test -z 
			 || test ! -s conftest.err
configure:7238: $? = 0
configure:7241: test -s conftest.o
configure:7244: $? = 0
configure:7255: result: yes
configure:7258: checking size of void *
configure:7577: g++ -o conftest -O3 -Wall     conftest.cc  >&5
configure:7580: $? = 0
configure:7582: ./conftest
configure:7585: $? = 0
configure:7608: result: 4
configure:7615: checking for char
configure:7639: g++ -c -O3 -Wall    conftest.cc >&5
configure:7645: $? = 0
configure:7649: test -z 
			 || test ! -s conftest.err
configure:7652: $? = 0
configure:7655: test -s conftest.o
configure:7658: $? = 0
configure:7669: result: yes
configure:7672: checking size of char
configure:7991: g++ -o conftest -O3 -Wall     conftest.cc  >&5
configure:7994: $? = 0
configure:7996: ./conftest
configure:7999: $? = 0
configure:8022: result: 1
configure:8029: checking for short
configure:8053: g++ -c -O3 -Wall    conftest.cc >&5
configure:8059: $? = 0
configure:8063: test -z 
			 || test ! -s conftest.err
configure:8066: $? = 0
configure:8069: test -s conftest.o
configure:8072: $? = 0
configure:8083: result: yes
configure:8086: checking size of short
configure:8405: g++ -o conftest -O3 -Wall     conftest.cc  >&5
configure:8408: $? = 0
configure:8410: ./conftest
configure:8413: $? = 0
configure:8436: result: 2
configure:8443: checking for float
configure:8467: g++ -c -O3 -Wall    conftest.cc >&5
configure:8473: $? = 0
configure:8477: test -z 
			 || test ! -s conftest.err
configure:8480: $? = 0
configure:8483: test -s conftest.o
configure:8486: $? = 0
configure:8497: result: yes
configure:8500: checking size of float
configure:8819: g++ -o conftest -O3 -Wall     conftest.cc  >&5
configure:8822: $? = 0
configure:8824: ./conftest
configure:8827: $? = 0
configure:8850: result: 4
configure:8857: checking for double
configure:8881: g++ -c -O3 -Wall    conftest.cc >&5
configure:8887: $? = 0
configure:8891: test -z 
			 || test ! -s conftest.err
configure:8894: $? = 0
configure:8897: test -s conftest.o
configure:8900: $? = 0
configure:8911: result: yes
configure:8914: checking size of double
configure:9233: g++ -o conftest -O3 -Wall     conftest.cc  >&5
configure:9236: $? = 0
configure:9238: ./conftest
configure:9241: $? = 0
configure:9264: result: 8
configure:9271: checking for fpos_t
configure:9295: g++ -c -O3 -Wall    conftest.cc >&5
configure:9301: $? = 0
configure:9305: test -z 
			 || test ! -s conftest.err
configure:9308: $? = 0
configure:9311: test -s conftest.o
configure:9314: $? = 0
configure:9325: result: yes
configure:9328: checking size of fpos_t
configure:9647: g++ -o conftest -O3 -Wall     conftest.cc  >&5
configure:9650: $? = 0
configure:9652: ./conftest
configure:9655: $? = 0
configure:9678: result: 12
configure:9731: checking for sstream
configure:9747: result: yes
configure:9860: checking for Fortran 77 compiler version
configure:9863: g77 --version </dev/null >&5
./configure: line 9864: g77: command not found
configure:9866: $? = 127
configure:9868: g77 -v </dev/null >&5
./configure: line 9869: g77: command not found
configure:9871: $? = 127
configure:9873: g77 -V </dev/null >&5
./configure: line 9874: g77: command not found
configure:9876: $? = 127
configure:9884: checking whether we are using the GNU Fortran 77 compiler
configure:9898: g77 -c -O3   conftest.F >&5
./configure: line 9899: g77: command not found
configure:9904: $? = 127
configure: failed program was:
|       program main
| #ifndef __GNUC__
|        choke me
| #endif
| 
|       end
configure:9930: result: no
configure:9936: checking whether g77 accepts -g
configure:9948: g77 -c -g conftest.f >&5
./configure: line 9949: g77: command not found
configure:9954: $? = 127
configure: failed program was:
|       program main
| 
|       end
configure:9979: result: no
configure:10020: checking how to get verbose linking output from g77
configure:10031: g77 -c -O3   -fno-second-underscore conftest.f >&5
./configure: line 10032: g77: command not found
configure:10037: $? = 127
configure: failed program was:
|       program main
| 
|       end
configure:10116: WARNING: compilation failed
configure:10122: result: 
configure:10124: checking for Fortran libraries of g77
configure:10145: g77 -o conftest -O3   -fno-second-underscore   conftest.f  >&5
./configure: line 10146: g77: command not found
configure:10306: result: 
configure:10561: checking SO
configure:10572: result: .so
configure:10695: creating ./config.status

## ---------------------- ##
## Running config.status. ##
## ---------------------- ##

This file was extended by Cantera config.status 1.7.0, which was
generated by GNU Autoconf 2.59.  Invocation command line was

  CONFIG_FILES    = 
  CONFIG_HEADERS  = 
  CONFIG_LINKS    = 
  CONFIG_COMMANDS = 
  $ ./config.status 

on b990ac463ffc

config.status:947: creating Makefile
config.status:947: creating Cantera/Makefile
config.status:947: creating Cantera/src/Makefile
config.status:947: creating Cantera/src/base/Makefile
config.status:947: creating Cantera/src/zeroD/Makefile
config.status:947: creating Cantera/src/oneD/Makefile
config.status:947: creating Cantera/src/converters/Makefile
config.status:947: creating Cantera/src/transport/Makefile
config.status:947: creating Cantera/src/thermo/Makefile
config.status:947: creating Cantera/src/kinetics/Makefile
config.status:947: creating Cantera/src/numerics/Makefile
config.status:947: creating Cantera/src/spectra/Makefile
config.status:947: creating Cantera/src/equil/Makefile
config.status:947: creating Cantera/clib/src/Makefile
config.status:947: creating Cantera/fortran/src/Makefile
config.status:947: creating Cantera/fortran/f77demos/f77demos.mak
config.status:947: creating Cantera/fortran/f77demos/Makefile
config.status:947: creating Cantera/matlab/Makefile
config.status:947: creating Cantera/matlab/setup_matlab.py
config.status:947: creating Cantera/python/Makefile
config.status:947: creating Cantera/python/setup.py
config.status:947: creating Cantera/cxx/Makefile
config.status:947: creating Cantera/cxx/src/Makefile
config.status:947: creating Cantera/cxx/demos/Makefile
config.status:947: creating Cantera/cxx/demos/combustor/Makefile
config.status:947: creating Cantera/cxx/demos/combustor/Makefile.install
config.status:947: creating Cantera/cxx/demos/flamespeed/Makefile
config.status:947: creating Cantera/cxx/demos/flamespeed/Makefile.install
config.status:947: creating Cantera/cxx/demos/kinetics1/Makefile
config.status:947: creating Cantera/cxx/demos/kinetics1/Makefile.install
config.status:947: creating Cantera/cxx/demos/NASA_coeffs/Makefile
config.status:947: creating Cantera/cxx/demos/NASA_coeffs/Makefile.install
config.status:947: creating Cantera/cxx/demos/rankine/Makefile
config.status:947: creating Cantera/cxx/demos/rankine/Makefile.install
config.status:947: creating Cantera/cxx/include/Cantera.mak
config.status:947: creating Cantera/cxx/include/Cantera_bt.mak
config.status:947: creating Cantera/user/Makefile
config.status:947: creating Cantera/python/src/Makefile
config.status:947: creating Cantera/python/examples/Makefile
config.status:947: creating Cantera/python/examples/equilibrium/Makefile
config.status:947: creating Cantera/python/examples/equilibrium/adiabatic_flame/Makefile
config.status:947: creating Cantera/python/examples/equilibrium/multiphase_plasma/Makefile
config.status:947: creating Cantera/python/examples/equilibrium/simple_test/Makefile
config.status:947: creating Cantera/python/examples/equilibrium/stoich_flame/Makefile
config.status:947: creating Cantera/python/examples/gasdynamics/isentropic/Makefile
config.status:947: creating Cantera/python/examples/gasdynamics/soundSpeed/Makefile
config.status:947: creating Cantera/python/examples/flames/adiabatic_flame/Makefile
config.status:947: creating Cantera/python/examples/flames/flame1/Makefile
config.status:947: creating Cantera/python/examples/flames/flame2/Makefile
config.status:947: creating Cantera/python/examples/flames/flame_fixed_T/Makefile
config.status:947: creating Cantera/python/examples/flames/free_h2_air/Makefile
config.status:947: creating Cantera/python/examples/flames/npflame1/Makefile
config.status:947: creating Cantera/python/examples/flames/stflame1/Makefile
config.status:947: creating Cantera/python/examples/fuel_cells/Makefile
config.status:947: creating Cantera/python/examples/liquid_vapor/critProperties/Makefile
config.status:947: creating Cantera/python/examples/liquid_vapor/rankine/Makefile
config.status:947: creating Cantera/python/examples/kinetics/Makefile
config.status:947: creating Cantera/python/examples/misc/Makefile
config.status:947: creating Cantera/python/examples/reactors/combustor_sim/Makefile
config.status:947: creating Cantera/python/examples/reactors/functors_sim/Makefile
config.status:947: creating Cantera/python/examples/reactors/mix1_sim/Makefile
config.status:947: creating Cantera/python/examples/reactors/mix2_sim/Makefile
config.status:947: creating Cantera/python/examples/reactors/piston_sim/Makefile
config.status:947: creating Cantera/python/examples/reactors/reactor1_sim/Makefile
config.status:947: creating Cantera/python/examples/reactors/reactor2_sim/Makefile
config.status:947: creating Cantera/python/examples/reactors/sensitivity_sim/Makefile
config.status:947: creating Cantera/python/examples/reactors/surf_pfr_sim/Makefile
config.status:947: creating Cantera/python/examples/surface_chemistry/diamond_cvd/Makefile
config.status:947: creating Cantera/python/examples/surface_chemistry/catcomb_stagflow/Makefile
config.status:947: creating Cantera/python/examples/transport/Makefile
config.status:947: creating Cantera/python/examples/flames/Makefile
config.status:947: creating Cantera/python/examples/gasdynamics/Makefile
config.status:947: creating Cantera/python/examples/liquid_vapor/Makefile
config.status:947: creating Cantera/python/examples/reactors/Makefile
config.status:947: creating Cantera/python/examples/surface_chemistry/Makefile
config.status:947: creating ext/lapack/Makefile
config.status:947: creating ext/blas/Makefile
config.status:947: creating ext/cvode/Makefile
config.status:947: creating ext/math/Makefile
config.status:947: creating ext/recipes/Makefile
config.status:947: creating ext/tpx/Makefile
config.status:947: creating ext/Makefile
config.status:947: creating ext/f2c_libs/Makefile
config.status:947: creating ext/f2c_blas/Makefile
config.status:947: creating ext/f2c_lapack/Makefile
config.status:947: creating ext/f2c_math/Makefile
config.status:947: creating examples/Makefile
config.status:947: creating examples/cxx/Makefile
config.status:947: creating tools/Makefile
config.status:947: creating tools/doc/Cantera.cfg
config.status:947: creating tools/doc/Makefile
config.status:947: creating tools/src/Makefile
config.status:947: creating tools/src/sample.mak
config.status:947: creating tools/src/finish_install.py
config.status:947: creating tools/src/package4mac
config.status:947: creating tools/templates/f77/demo.mak
config.status:947: creating tools/templates/f90/demo.mak
config.status:947: creating tools/templates/cxx/demo.mak
config.status:947: creating tools/testtools/Makefile
config.status:947: creating data/inputs/Makefile
config.status:947: creating data/inputs/mkxml
config.status:947: creating test_problems/Makefile
config.status:947: creating test_problems/cxx_ex/Makefile
config.status:947: creating test_problems/silane_equil/Makefile
config.status:947: creating test_problems/surfkin/Makefile
config.status:947: creating test_problems/spectroscopy/Makefile
config.status:947: creating test_problems/surfSolverTest/Makefile
config.status:947: creating test_problems/diamondSurf/Makefile
config.status:947: creating test_problems/diamondSurf_dupl/Makefile
config.status:947: creating test_problems/ChemEquil_gri_matrix/Makefile
config.status:947: creating test_problems/ChemEquil_gri_pairs/Makefile
config.status:947: creating test_problems/ChemEquil_ionizedGas/Makefile
config.status:947: creating test_problems/ChemEquil_red1/Makefile
config.status:947: creating test_problems/CpJump/Makefile
config.status:947: creating test_problems/mixGasTransport/Makefile
config.status:947: creating test_problems/multiGasTransport/Makefile
config.status:947: creating test_problems/printUtilUnitTest/Makefile
config.status:947: creating test_problems/fracCoeff/Makefile
config.status:947: creating test_problems/negATest/Makefile
config.status:947: creating test_problems/NASA9poly_test/Makefile
config.status:947: creating test_problems/ck2cti_test/Makefile
config.status:947: creating test_problems/ck2cti_test/runtest
config.status:947: creating test_problems/nasa9_reader/Makefile
config.status:947: creating test_problems/nasa9_reader/runtest
config.status:947: creating test_problems/min_python/Makefile
config.status:947: creating test_problems/min_python/minDiamond/Makefile
config.status:947: creating test_problems/min_python/negATest/Makefile
config.status:947: creating test_problems/pureFluidTest/Makefile
config.status:947: creating test_problems/rankine_democxx/Makefile
config.status:947: creating test_problems/python/Makefile
config.status:947: creating test_problems/cathermo/Makefile
config.status:947: creating test_problems/cathermo/issp/Makefile
config.status:947: creating test_problems/cathermo/ims/Makefile
config.status:947: creating test_problems/cathermo/stoichSubSSTP/Makefile
config.status:947: creating test_problems/cathermo/testIAPWS/Makefile
config.status:947: creating test_problems/cathermo/testIAPWSPres/Makefile
config.status:947: creating test_problems/cathermo/testIAPWSTripP/Makefile
config.status:947: creating test_problems/cathermo/testWaterPDSS/Makefile
config.status:947: creating test_problems/cathermo/testWaterTP/Makefile
config.status:947: creating test_problems/cathermo/HMW_test_1/Makefile
config.status:947: creating test_problems/cathermo/HMW_test_3/Makefile
config.status:947: creating test_problems/cathermo/HMW_graph_GvT/Makefile
config.status:947: creating test_problems/cathermo/HMW_graph_GvI/Makefile
config.status:947: creating test_problems/cathermo/HMW_graph_HvT/Makefile
config.status:947: creating test_problems/cathermo/HMW_graph_CpvT/Makefile
config.status:947: creating test_problems/cathermo/HMW_graph_VvT/Makefile
config.status:947: creating test_problems/cathermo/DH_graph_1/Makefile
config.status:947: creating test_problems/cathermo/DH_graph_acommon/Makefile
config.status:947: creating test_problems/cathermo/DH_graph_NM/Makefile
config.status:947: creating test_problems/cathermo/DH_graph_Pitzer/Makefile
config.status:947: creating test_problems/cathermo/DH_graph_bdotak/Makefile
config.status:947: creating test_problems/cathermo/HMW_dupl_test/Makefile
config.status:947: creating test_problems/cathermo/VPissp/Makefile
config.status:947: creating test_problems/VCSnonideal/Makefile
config.status:947: creating test_problems/VPsilane_test/Makefile
config.status:947: creating test_problems/VPsilane_test/runtest
config.status:947: creating test_problems/VCSnonideal/NaCl_equil/Makefile
config.status:947: creating bin/install_tsc
config.status:1051: creating config.h

## ---------------- ##
## Cache variables. ##
## ---------------- ##

ac_cv_build=x86_64-unknown-linux-gnu
ac_cv_build_alias=x86_64-unknown-linux-gnu
ac_cv_c_compiler_gnu=yes
ac_cv_cxx_compiler_gnu=yes
ac_cv_env_CC_set=set
ac_cv_env_CC_value=gcc
ac_cv_env_CFLAGS_set=
ac_cv_env_CFLAGS_value=
ac_cv_env_CPPFLAGS_set=
ac_cv_env_CPPFLAGS_value=
ac_cv_env_CXXCPP_set=
ac_cv_env_CXXCPP_value=
ac_cv_env_CXXFLAGS_set=set
ac_cv_env_CXXFLAGS_value='-O3 -Wall'
ac_cv_env_CXX_set=set
ac_cv_env_CXX_value=g++
ac_cv_env_F77_set=set
ac_cv_env_F77_value=g77
ac_cv_env_FFLAGS_set=set
ac_cv_env_FFLAGS_value=-O3
ac_cv_env_LDFLAGS_set=
ac_cv_env_LDFLAGS_value=
ac_cv_env_build_alias_set=
ac_cv_env_build_alias_value=
ac_cv_env_host_alias_set=
ac_cv_env_host_alias_value=
ac_cv_env_target_alias_set=
ac_cv_env_target_alias_value=
ac_cv_exeext=
ac_cv_f77_compiler_gnu=no
ac_cv_f77_libs=
ac_cv_header_inttypes_h=yes
ac_cv_header_memory_h=yes
ac_cv_header_stdc=yes
ac_cv_header_stdint_h=yes
ac_cv_header_stdlib_h=yes
ac_cv_header_string_h=yes
ac_cv_header_strings_h=yes
ac_cv_header_sys_stat_h=yes
ac_cv_header_sys_types_h=yes
ac_cv_header_unistd_h=yes
ac_cv_host=x86_64-unknown-linux-gnu
ac_cv_host_alias=x86_64-unknown-linux-gnu
ac_cv_lib_sundials_cvodes_CVodeCreate=yes
ac_cv_objext=o
ac_cv_path_install='/usr/bin/install -c'
ac_cv_prog_CXXCPP='g++ -E'
ac_cv_prog_ac_ct_CC=gcc
ac_cv_prog_cc_g=yes
ac_cv_prog_cc_stdc=
ac_cv_prog_cxx_g=yes
ac_cv_prog_egrep='grep -E'
ac_cv_prog_f77_g=no
ac_cv_sizeof_char=1
ac_cv_sizeof_double=8
ac_cv_sizeof_float=4
ac_cv_sizeof_fpos_t=12
ac_cv_sizeof_int=4
ac_cv_sizeof_long=4
ac_cv_sizeof_short=2
ac_cv_sizeof_void_p=4
ac_cv_target=x86_64-unknown-linux-gnu
ac_cv_target_alias=x86_64-unknown-linux-gnu
ac_cv_type_char=yes
ac_cv_type_double=yes
ac_cv_type_float=yes
ac_cv_type_fpos_t=yes
ac_cv_type_int=yes
ac_cv_type_long=yes
ac_cv_type_short=yes
ac_cv_type_void_p=yes

## ----------------- ##
## Output variables. ##
## ----------------- ##

ARCHIVE='ar ruv'
BITCHANGE=''
BITCOMPILE='64'
BITHARDWARE='64'
BLAS_LAPACK_DIR='/Cantera1.8-Radcal/build/lib/x86_64-unknown-linux-gnu'
BLAS_LAPACK_LIBS='-lctlapack -lctblas'
BLAS_LAPACK_LINK='-L/Cantera1.8-Radcal/build/lib/x86_64-unknown-linux-gnu -lctlapack -lctblas'
BOOST_INCLUDE=''
BOOST_LIB=''
BOOST_LIB_DIR=''
BUILD_CK='1'
BUILD_CLIB='1'
BUILD_F90='0'
BUILD_MATLAB='0'
BUILD_PYTHON='2'
CANTERA_CORE_LIBS=' -luser -loneD -lzeroD -lequil -lkinetics -ltransport -lthermo -lctnumerics -lctmath -ltpx -lctspectra -lconverters -lctbase'
CANTERA_CORE_LIBS_DEP=' /usr/local/cantera/lib/libequil.a /usr/local/cantera/lib/libkinetics.a /usr/local/cantera/lib/libtransport.a /usr/local/cantera/lib/libthermo.a /usr/local/cantera/lib/libctnumerics.a /usr/local/cantera/lib/libctmath.a /usr/local/cantera/lib/libtpx.a /usr/local/cantera/lib/libctspectra.a /usr/local/cantera/lib/libconverters.a /usr/local/cantera/lib/libctbase.a'
CANTERA_DEBUG_MODE='1'
CANTERA_PYTHON_HOME=''
CC='gcc'
CFLAGS=' '
COMPILE_ELECTROLYTES='1'
COMPILE_H298MODIFY_CAPABILITY='0'
COMPILE_HETEROKIN='1'
COMPILE_IDEAL_SOLUTIONS='1'
COMPILE_KINETICS='1'
COMPILE_PURE_FLUIDS='1'
COMPILE_RXNPATH='1'
COMPILE_VCSNONIDEAL='0'
CPPFLAGS=''
CT_SHARED_LIB='clib'
CVF_LIBDIR=''
CVODE_LIBS='-lsundials_cvodes -lsundials_nvecserial'
CVSTAG='HEAD'
CXX='g++'
CXXCPP='g++ -E'
CXXFLAGS='-O3 -Wall  '
CXX_DEPENDS='g++ -MM'
CXX_EXT='cpp'
CXX_INCLUDES=''
DEFS='-DHAVE_CONFIG_H'
DO_RANLIB='1'
ECHO_C=''
ECHO_N='-n'
ECHO_T=''
EGREP='grep -E'
EXEEXT=''
EXE_EXT=''
EXTRA_LINK=''
F2C_SYSTEMLIB=''
F77='g77'
F77_EXT='f'
F90='gfortran'
F90BUILDFLAGS=' -O3'
F90FLAGS=' -O3'
F90LIBS=''
FFLAGS='-O3   -fno-second-underscore'
FLIBS=''
GRAPHVIZDIR=' '
HAVE_STRIPSYMBOLS='yes'
IDA_LIBS='-lsundials_ida -lsundials_nvecserial'
INCL_USER_CODE='1'
INSTALL_DATA='${INSTALL} -m 644'
INSTALL_LIBS_DEP=' /usr/local/cantera/lib/libequil.a /usr/local/cantera/lib/libkinetics.a /usr/local/cantera/lib/libtransport.a /usr/local/cantera/lib/libthermo.a /usr/local/cantera/lib/libctnumerics.a /usr/local/cantera/lib/libctmath.a /usr/local/cantera/lib/libtpx.a /usr/local/cantera/lib/libctspectra.a /usr/local/cantera/lib/libconverters.a /usr/local/cantera/lib/libctbase.a /usr/local/cantera/lib/libctf2c.a'
INSTALL_PROGRAM='${INSTALL}'
INSTALL_SCRIPT='${INSTALL}'
INSTALL_VERBOSE='-v'
INSTALL_abs='/usr/bin/install -c'
KERNEL=' ck trprops equil reactor flow1D tpx spectra'
KERNEL_OBJ=' $(EQUIL_OBJ)'
LCXX_END_LIBS='-lctf2c -lm'
LCXX_FLAGS='  -L/usr/local/lib'
LCXX_FLIBS=''
LDFLAGS=''
LDSHARED=''
LIBOBJS=''
LIBS=''
LIB_DIR=''
LOCAL_LIBS=' -luser -loneD -lzeroD -lequil -lkinetics -ltransport -lthermo -lctnumerics -lctmath -ltpx -lctspectra -lconverters -lctbase -lsundials_cvodes -lsundials_nvecserial -lctlapack -lctblas -lctf2c'
LOCAL_LIBS_DEP=' /Cantera1.8-Radcal/build/lib/x86_64-unknown-linux-gnu/libuser.a /Cantera1.8-Radcal/build/lib/x86_64-unknown-linux-gnu/liboneD.a /Cantera1.8-Radcal/build/lib/x86_64-unknown-linux-gnu/libzeroD.a /Cantera1.8-Radcal/build/lib/x86_64-unknown-linux-gnu/libequil.a /Cantera1.8-Radcal/build/lib/x86_64-unknown-linux-gnu/libkinetics.a /Cantera1.8-Radcal/build/lib/x86_64-unknown-linux-gnu/libtransport.a /Cantera1.8-Radcal/build/lib/x86_64-unknown-linux-gnu/libthermo.a /Cantera1.8-Radcal/build/lib/x86_64-unknown-linux-gnu/libctnumerics.a /Cantera1.8-Radcal/build/lib/x86_64-unknown-linux-gnu/libctmath.a /Cantera1.8-Radcal/build/lib/x86_64-unknown-linux-gnu/libtpx.a /Cantera1.8-Radcal/build/lib/x86_64-unknown-linux-gnu/libctspectra.a /Cantera1.8-Radcal/build/lib/x86_64-unknown-linux-gnu/libconverters.a /Cantera1.8-Radcal/build/lib/x86_64-unknown-linux-gnu/libctbase.a /Cantera1.8-Radcal/build/lib/x86_64-unknown-linux-gnu/libctf2c.a'
LOCAL_LIB_DIRS=' -L/Cantera1.8-Radcal/build/lib/x86_64-unknown-linux-gnu -L/usr/local/bin//lib'
LTLIBOBJS=''
MAKE='make'
MATLAB_CMD='default'
NEED_CATHERMO='1'
NUMARRAY_HOME=''
NUMARRAY_INC_DIR=''
NUMPY_HOME=''
NUMPY_INC_DIR='/usr/local/lib/python2.6/dist-packages/numpy/core/include'
OBJEXT='o'
OBJ_EXT='o'
OS_IS_CYGWIN='0'
OS_IS_DARWIN='0'
OS_IS_WIN='0'
PACKAGE_BUGREPORT=''
PACKAGE_NAME='Cantera'
PACKAGE_STRING='Cantera 1.7.0'
PACKAGE_TARNAME='cantera'
PACKAGE_VERSION='1.7.0'
PATH_SEPARATOR=':'
PIC='-fPIC'
PURIFY=''
PYTHON_CMD='/usr/bin/python2.6'
RANLIB='ranlib'
RAW_LIBS_DEP=' libuser.a liboneD.a libzeroD.a libequil.a libkinetics.a libtransport.a libthermo.a libctnumerics.a libctmath.a libtpx.a libctspectra.a libconverters.a libctbase.a libctf2c.a'
SHARED='-dynamic'
SHARED_CTLIB='0'
SHELL='/bin/bash'
SO='.so'
SOEXT=''
TSCOMPARE_abs='/Cantera1.8-Radcal/bin/tscompare'
USERDIR='Cantera/user'
USE_CLIB_DLL='0'
WITH_REACTORS='1'
ac_ct_CC='gcc'
ac_ct_CXX=''
ac_ct_F77=''
bindir='${exec_prefix}/bin'
build='x86_64-unknown-linux-gnu'
build_alias=''
build_blas='1'
build_cpu='x86_64'
build_f2c_lib='1'
build_lapack='1'
build_os='linux-gnu'
build_vendor='unknown'
build_with_f2c='1'
buildbin='/Cantera1.8-Radcal/build/bin/x86_64-unknown-linux-gnu'
buildinc='/Cantera1.8-Radcal/build/include'
buildlib='/Cantera1.8-Radcal/build/lib/x86_64-unknown-linux-gnu'
ct_bindir='/usr/local/cantera/bin'
ct_datadir='/usr/local/cantera/data'
ct_demodir='/usr/local/cantera/demos'
ct_dir='/usr/local/cantera'
ct_docdir='/usr/local/cantera/doc'
ct_incdir='/usr/local/cantera/include/cantera'
ct_incroot='/usr/local/cantera/include'
ct_libdir='/usr/local/cantera/lib'
ct_mandir='/usr/local/cantera'
ct_templdir='/usr/local/cantera/templates'
ct_tutdir='/usr/local/cantera/tutorials'
ctroot='/Cantera1.8-Radcal'
ctversion='1.8.0'
datadir='${prefix}/share'
exec_prefix='/usr/local/cantera'
export_name='x86_64-unknown-linux-gnu'
homedir='/root'
host='x86_64-unknown-linux-gnu'
host_alias=''
host_cpu='x86_64'
host_os='linux-gnu'
host_vendor='unknown'
includedir='${prefix}/include'
infodir='${prefix}/info'
ldemulationarg=''
libdir='${exec_prefix}/lib'
libexecdir='${exec_prefix}/libexec'
local_inst='0'
local_python_inst='0'
localstatedir='${prefix}/var'
mandir='${prefix}/man'
math_libs='-lcvode -lctmath'
mex_ext='mexglx'
oldincludedir='/usr/include'
phase_header_files=' MetalPhase.h SemiconductorPhase.h AdsorbateThermo.h StoichSubstance.h PureFluidPhase.h LatticeSolidPhase.h LatticePhase.h'
phase_object_files=' SemiconductorPhase.o StoichSubstance.o PureFluidPhase.o LatticeSolidPhase.o LatticePhase.o'
precompile_headers='no'
prefix='/usr/local/cantera'
program_transform_name='s,x,x,'
python_prefix='/usr/local/cantera'
python_win_prefix='/usr/local/cantera'
sbindir='${exec_prefix}/sbin'
sharedstatedir='${prefix}/com'
sundials_include='-I/usr/local/bin//include'
sundials_lib='-L/usr/local/bin//lib -lsundials_cvodes -lsundials_ida -lsundials_nvecserial'
sundials_lib_dep='/usr/local/bin//lib/libsundials_cvodes.a /usr/local/bin//lib/libsundials_ida.a /usr/local/bin//lib/libsundials_nvecserial.a'
sundials_lib_dir='/usr/local/bin//lib'
sysconfdir='${prefix}/etc'
target='x86_64-unknown-linux-gnu'
target_alias=''
target_cpu='x86_64'
target_os='linux-gnu'
target_vendor='unknown'
use_sundials='1'
username='root'

## ----------- ##
## confdefs.h. ##
## ----------- ##

#define CANTERA_DATA "/usr/local/cantera/data"
#define CANTERA_VERSION "1.8.0"
#define DEBUG_MODE 1
#define FTN_TRAILING_UNDERSCORE 1
#define HAS_NUMPY 1
#define HAS_SSTREAM 1
#define HAS_SUNDIALS 1
#define HAVE_INTTYPES_H 1
#define HAVE_MEMORY_H 1
#define HAVE_STDINT_H 1
#define HAVE_STDLIB_H 1
#define HAVE_STRINGS_H 1
#define HAVE_STRING_H 1
#define HAVE_SYS_STAT_H 1
#define HAVE_SYS_TYPES_H 1
#define HAVE_UNISTD_H 1
#define INCL_PURE_FLUIDS 1
#define LAPACK_FTN_STRING_LEN_AT_END 1
#define LAPACK_FTN_TRAILING_UNDERSCORE 1
#define LAPACK_NAMES_LOWERCASE 1
#define NDEBUG 1
#define PACKAGE_BUGREPORT ""
#define PACKAGE_NAME "Cantera"
#define PACKAGE_STRING "Cantera 1.7.0"
#define PACKAGE_TARNAME "cantera"
#define PACKAGE_VERSION "1.7.0"
#define PYTHON_EXE "/usr/bin/python2.6"
#define RXNPATH_FONT "Helvetica"
#define SIZEOF_CHAR 1
#define SIZEOF_DOUBLE 8
#define SIZEOF_FLOAT 4
#define SIZEOF_FPOS_T 12
#define SIZEOF_INT 4
#define SIZEOF_LONG 4
#define SIZEOF_SHORT 2
#define SIZEOF_VOID_P 4
#define STDC_HEADERS 1
#define SUNDIALS_VERSION_23 1
#define WITH_ADSORBATE 1
#define WITH_ELECTROLYTES 1
#define WITH_HETEROKINETICS 1
#define WITH_HTML_LOGS 1
#define WITH_IDEAL_SOLUTIONS 1
#define WITH_KINETICS 1
#define WITH_LATTICE_SOLID 1
#define WITH_METAL 1
#define WITH_PURE_FLUIDS 1
#define WITH_REACTIONPATHS 1
#define WITH_SEMICONDUCTOR 1
#define WITH_SPECTRA 1
#define WITH_STOICH_SUBSTANCE 1
#endif
#ifdef __cplusplus
extern "C" void exit (int) throw ();

configure: exit 0
